Grammar

    0 $accept: start $end

    1 start: TK_START value TK_STOP

    2 value: start
    3      | TK_STR
    4      | value start


Terminals, with rules where they appear

    $end (0) 0
    error (256)
    TK_START (258) 1
    TK_STOP (259) 1
    TK_STR (260) 3


Nonterminals, with rules where they appear

    $accept (6)
        on left: 0
    start (7)
        on left: 1
        on right: 0 2 4
    value (8)
        on left: 2 3 4
        on right: 1 4


State 0

    0 $accept: . start $end

    TK_START  shift, and go to state 1

    start  go to state 2


State 1

    1 start: TK_START . value TK_STOP

    TK_START  shift, and go to state 1
    TK_STR    shift, and go to state 3

    start  go to state 4
    value  go to state 5


State 2

    0 $accept: start . $end

    $end  shift, and go to state 6


State 3

    3 value: TK_STR .

    $default  reduce using rule 3 (value)


State 4

    2 value: start .

    $default  reduce using rule 2 (value)


State 5

    1 start: TK_START value . TK_STOP
    4 value: value . start

    TK_START  shift, and go to state 1
    TK_STOP   shift, and go to state 7

    start  go to state 8


State 6

    0 $accept: start $end .

    $default  accept


State 7

    1 start: TK_START value TK_STOP .

    $default  reduce using rule 1 (start)


State 8

    4 value: value start .

    $default  reduce using rule 4 (value)
